\BOOKMARK [1][-]{section.1}{\376\377\000F\000i\000e\000l\000d\000\040\000P\000r\000e\000p\000a\000r\000a\000t\000i\000o\000n}{}% 1
\BOOKMARK [2][-]{subsection.1.1}{\376\377\000P\000l\000a\000n\000t\000i\000n\000g}{section.1}% 2
\BOOKMARK [3][-]{subsubsection.1.1.1}{\376\377\000E\000q\000u\000i\000p\000m\000e\000n\000t}{subsection.1.1}% 3
\BOOKMARK [3][-]{subsubsection.1.1.2}{\376\377\000P\000o\000t\000e\000n\000t\000i\000a\000l\000\040\000I\000s\000s\000u\000e\000s\000\040\000D\000u\000r\000i\000n\000g\000\040\000P\000l\000a\000n\000t\000i\000n\000g}{subsection.1.1}% 4
\BOOKMARK [2][-]{subsection.1.2}{\376\377\000G\000r\000o\000u\000n\000d\000\040\000C\000o\000n\000t\000r\000o\000l\000\040\000P\000o\000i\000n\000t\000s}{section.1}% 5
\BOOKMARK [2][-]{subsection.1.3}{\376\377\000T\000h\000i\000n\000n\000i\000n\000g}{section.1}% 6
\BOOKMARK [1][-]{section.2}{\376\377\000P\000o\000s\000i\000t\000i\000o\000n\000i\000n\000g\000\040\000I\000n\000f\000o\000r\000m\000a\000t\000i\000o\000n\000\040\000P\000r\000e\000p\000a\000r\000a\000t\000i\000o\000n}{}% 7
\BOOKMARK [2][-]{subsection.2.1}{\376\377\000C\000o\000l\000l\000e\000c\000t\000i\000n\000g\000\040\000G\000l\000o\000b\000a\000l\000\040\000P\000o\000s\000i\000t\000i\000o\000n\000i\000n\000g\000\040\000S\000y\000s\000t\000e\000m\000\040\000\050\000G\000P\000S\000\051\000\040\000C\000o\000o\000r\000d\000i\000n\000a\000t\000e\000s}{section.2}% 8
\BOOKMARK [2][-]{subsection.2.2}{\376\377\000P\000o\000s\000i\000t\000i\000o\000n\000i\000n\000g\000\040\000I\000n\000f\000o\000r\000m\000a\000t\000i\000o\000n\000\040\000F\000i\000l\000e\000s\000\040\000R\000e\000q\000u\000i\000r\000e\000d\000\040\000b\000y\000\040\000P\000h\000y\000t\000o\000O\000r\000a\000c\000l\000e}{section.2}% 9
\BOOKMARK [3][-]{subsubsection.2.2.1}{\376\377\000G\000e\000n\000e\000r\000a\000t\000i\000n\000g\000\040\000G\000C\000P\000\040\000F\000i\000l\000e}{subsection.2.2}% 10
\BOOKMARK [3][-]{subsubsection.2.2.2}{\376\377\000G\000e\000n\000e\000r\000a\000t\000i\000n\000g\000\040\000G\000e\000o\000J\000S\000O\000N\000\040\000F\000i\000l\000e}{subsection.2.2}% 11
\BOOKMARK [1][-]{section.3}{\376\377\000P\000i\000p\000e\000l\000i\000n\000e\000\040\000P\000r\000e\000p\000a\000r\000a\000t\000i\000o\000n}{}% 12
\BOOKMARK [2][-]{subsection.3.1}{\376\377\000E\000d\000i\000t\000i\000n\000g\000\040\000Y\000A\000M\000L\000\040\000f\000i\000l\000e}{section.3}% 13
\BOOKMARK [2][-]{subsection.3.2}{\376\377\000U\000p\000d\000a\000t\000i\000n\000g\000\040\000G\000i\000t\000H\000u\000b\000\040\000R\000e\000p\000o\000s\000i\000t\000o\000r\000i\000e\000s}{section.3}% 14
\BOOKMARK [3][-]{subsubsection.3.2.1}{\376\377\000P\000h\000y\000t\000o\000O\000r\000a\000c\000l\000e\000\040\000D\000a\000t\000a}{subsection.3.2}% 15
\BOOKMARK [3][-]{subsubsection.3.2.2}{\376\377\000P\000h\000y\000t\000o\000O\000r\000a\000c\000l\000e\000\040\000L\000a\000n\000d\000m\000a\000r\000k\000\040\000S\000e\000l\000e\000c\000t\000i\000o\000n}{subsection.3.2}% 16
\BOOKMARK [1][-]{section.4}{\376\377\000I\000n\000t\000r\000o\000\040\000t\000o\000\040\000H\000i\000g\000h\000\040\000P\000e\000r\000f\000o\000r\000m\000a\000n\000c\000e\000\040\000C\000o\000m\000p\000u\000t\000e\000r\000s}{}% 17
\BOOKMARK [2][-]{subsection.4.1}{\376\377\000U\000A\000r\000i\000z\000o\000n\000a\000\040\000H\000i\000g\000h\000\040\000P\000e\000r\000f\000o\000r\000m\000a\000n\000c\000e\000\040\000C\000o\000m\000p\000u\000t\000i\000n\000g\000\040\000C\000l\000u\000s\000t\000e\000r}{section.4}% 18
\BOOKMARK [3][-]{subsubsection.4.1.1}{\376\377\000C\000o\000m\000p\000u\000t\000e\000\040\000S\000y\000s\000t\000e\000m}{subsection.4.1}% 19
\BOOKMARK [3][-]{subsubsection.4.1.2}{\376\377\000C\000o\000m\000p\000u\000t\000e\000\040\000R\000e\000s\000o\000u\000r\000c\000e\000s}{subsection.4.1}% 20
\BOOKMARK [3][-]{subsubsection.4.1.3}{\376\377\000F\000u\000r\000t\000h\000e\000r\000\040\000I\000n\000f\000o\000r\000m\000a\000t\000i\000o\000n}{subsection.4.1}% 21
\BOOKMARK [1][-]{section.5}{\376\377\000R\000u\000n\000n\000i\000n\000g\000\040\000P\000h\000y\000t\000o\000O\000r\000a\000c\000l\000e\000\040\000o\000n\000\040\000H\000i\000g\000h\000\040\000P\000e\000r\000f\000o\000r\000m\000a\000n\000c\000e\000\040\000C\000o\000m\000p\000u\000t\000e\000r\000s}{}% 22
\BOOKMARK [2][-]{subsection.5.1}{\376\377\000D\000e\000f\000i\000n\000i\000n\000g\000\040\000C\000o\000m\000p\000u\000t\000e\000\040\000R\000e\000s\000o\000u\000r\000c\000e\000s}{section.5}% 23
\BOOKMARK [2][-]{subsection.5.2}{\376\377\000B\000e\000f\000o\000r\000e\000\040\000D\000e\000p\000l\000o\000y\000i\000n\000g\000\040\000P\000h\000y\000t\000o\000O\000r\000a\000c\000l\000e}{section.5}% 24
\BOOKMARK [2][-]{subsection.5.3}{\376\377\000S\000u\000p\000p\000o\000r\000t\000e\000d\000\040\000D\000a\000t\000a\000\040\000T\000y\000p\000e\000s}{section.5}% 25
\BOOKMARK [3][-]{subsubsection.5.3.1}{\376\377\0002\000D\000\040\000F\000i\000e\000l\000d\000\040\000S\000c\000a\000n\000n\000e\000r\000\040\000D\000a\000t\000a\000\040\000T\000y\000p\000e\000s}{subsection.5.3}% 26
\BOOKMARK [3][-]{subsubsection.5.3.2}{\376\377\0003\000D\000\040\000F\000i\000e\000l\000d\000\040\000S\000c\000a\000n\000n\000e\000r\000\040\000D\000a\000t\000a\000\040\000T\000y\000p\000e\000s}{subsection.5.3}% 27
\BOOKMARK [2][-]{subsection.5.4}{\376\377\000D\000e\000p\000l\000o\000y\000i\000n\000g\000\040\000P\000h\000y\000t\000o\000O\000r\000a\000c\000l\000e}{section.5}% 28
\BOOKMARK [3][-]{subsubsection.5.4.1}{\376\377\000s\000t\000e\000r\000e\000o\000T\000o\000p}{subsection.5.4}% 29
\BOOKMARK [3][-]{subsubsection.5.4.2}{\376\377\000f\000l\000i\000r\000I\000r\000C\000a\000m\000e\000r\000a}{subsection.5.4}% 30
\BOOKMARK [3][-]{subsubsection.5.4.3}{\376\377\000p\000s\0002\000T\000o\000p}{subsection.5.4}% 31
\BOOKMARK [3][-]{subsubsection.5.4.4}{\376\377\000s\000c\000a\000n\000n\000e\000r\0003\000D\000T\000o\000p}{subsection.5.4}% 32
\BOOKMARK [2][-]{subsection.5.5}{\376\377\000Q\000u\000a\000l\000i\000t\000y\000\040\000C\000o\000n\000t\000r\000o\000l\000\040\000\046\000\040\000Q\000u\000a\000l\000i\000t\000y\000\040\000A\000s\000s\000u\000r\000a\000n\000c\000e\000\040\000o\000f\000\040\000P\000r\000o\000c\000e\000s\000s\000e\000d\000\040\000D\000a\000t\000a}{section.5}% 33
\BOOKMARK [1][-]{section.6}{\376\377\000D\000a\000t\000a\000\040\000V\000i\000s\000u\000a\000l\000i\000z\000a\000t\000i\000o\000n}{}% 34
\BOOKMARK [2][-]{subsection.6.1}{\376\377\000P\000h\000y\000t\000o\000O\000r\000a\000c\000l\000e\000\040\000D\000a\000s\000h\000b\000o\000a\000r\000d}{section.6}% 35
