This is pdfTeX, Version 3.141592653-2.6-1.40.25 (TeX Live 2023) (preloaded format=pdflatex 2023.12.18)  21 DEC 2023 10:27
entering extended mode
 restricted \write18 enabled.
 %&-line parsing enabled.
**full_document.tex
(./full_document.tex
LaTeX2e <2023-11-01>
L3 programming layer <2023-12-11>
(c:/Users/emman/AppData/Roaming/TinyTeX/texmf-dist/tex/latex/base/article.cls
Document Class: article 2023/05/17 v1.4n Standard LaTeX document class
(c:/Users/emman/AppData/Roaming/TinyTeX/texmf-dist/tex/latex/base/size12.clo
File: size12.clo 2023/05/17 v1.4n Standard LaTeX file (size option)
)
\c@part=\count187
\c@section=\count188
\c@subsection=\count189
\c@subsubsection=\count190
\c@paragraph=\count191
\c@subparagraph=\count192
\c@figure=\count193
\c@table=\count194
\abovecaptionskip=\skip48
\belowcaptionskip=\skip49
\bibindent=\dimen140
) (c:/Users/emman/AppData/Roaming/TinyTeX/texmf-dist/tex/latex/amsmath/amsmath.sty
Package: amsmath 2023/05/13 v2.17o AMS math features
\@mathmargin=\skip50
For additional information on amsmath, use the `?' option.
(c:/Users/emman/AppData/Roaming/TinyTeX/texmf-dist/tex/latex/amsmath/amstext.sty
Package: amstext 2021/08/26 v2.01 AMS text
(c:/Users/emman/AppData/Roaming/TinyTeX/texmf-dist/tex/latex/amsmath/amsgen.sty
File: amsgen.sty 1999/11/30 v2.0 generic functions
\@emptytoks=\toks17
\ex@=\dimen141
)) (c:/Users/emman/AppData/Roaming/TinyTeX/texmf-dist/tex/latex/amsmath/amsbsy.sty
Package: amsbsy 1999/11/29 v1.2d Bold Symbols
\pmbraise@=\dimen142
) (c:/Users/emman/AppData/Roaming/TinyTeX/texmf-dist/tex/latex/amsmath/amsopn.sty
Package: amsopn 2022/04/08 v2.04 operator names
)
\inf@bad=\count195
LaTeX Info: Redefining \frac on input line 234.
\uproot@=\count196
\leftroot@=\count197
LaTeX Info: Redefining \overline on input line 399.
LaTeX Info: Redefining \colon on input line 410.
\classnum@=\count198
\DOTSCASE@=\count199
LaTeX Info: Redefining \ldots on input line 496.
LaTeX Info: Redefining \dots on input line 499.
LaTeX Info: Redefining \cdots on input line 620.
\Mathstrutbox@=\box51
\strutbox@=\box52
LaTeX Info: Redefining \big on input line 722.
LaTeX Info: Redefining \Big on input line 723.
LaTeX Info: Redefining \bigg on input line 724.
LaTeX Info: Redefining \Bigg on input line 725.
\big@size=\dimen143
LaTeX Font Info:    Redeclaring font encoding OML on input line 743.
LaTeX Font Info:    Redeclaring font encoding OMS on input line 744.
\macc@depth=\count266
LaTeX Info: Redefining \bmod on input line 905.
LaTeX Info: Redefining \pmod on input line 910.
LaTeX Info: Redefining \smash on input line 940.
LaTeX Info: Redefining \relbar on input line 970.
LaTeX Info: Redefining \Relbar on input line 971.
\c@MaxMatrixCols=\count267
\dotsspace@=\muskip16
\c@parentequation=\count268
\dspbrk@lvl=\count269
\tag@help=\toks18
\row@=\count270
\column@=\count271
\maxfields@=\count272
\andhelp@=\toks19
\eqnshift@=\dimen144
\alignsep@=\dimen145
\tagshift@=\dimen146
\tagwidth@=\dimen147
\totwidth@=\dimen148
\lineht@=\dimen149
\@envbody=\toks20
\multlinegap=\skip51
\multlinetaggap=\skip52
\mathdisplay@stack=\toks21
LaTeX Info: Redefining \[ on input line 2953.
LaTeX Info: Redefining \] on input line 2954.
) (c:/Users/emman/AppData/Roaming/TinyTeX/texmf-dist/tex/latex/amsfonts/amssymb.sty
Package: amssymb 2013/01/14 v3.01 AMS font symbols
(c:/Users/emman/AppData/Roaming/TinyTeX/texmf-dist/tex/latex/amsfonts/amsfonts.sty
Package: amsfonts 2013/01/14 v3.01 Basic AMSFonts support
\symAMSa=\mathgroup4
\symAMSb=\mathgroup5
LaTeX Font Info:    Redeclaring math symbol \hbar on input line 98.
LaTeX Font Info:    Overwriting math alphabet `\mathfrak' in version `bold'
(Font)                  U/euf/m/n --> U/euf/b/n on input line 106.
)) (c:/Users/emman/AppData/Roaming/TinyTeX/texmf-dist/tex/generic/iftex/iftex.sty
Package: iftex 2022/02/03 v1.0f TeX engine tests
) (c:/Users/emman/AppData/Roaming/TinyTeX/texmf-dist/tex/latex/base/fontenc.sty
Package: fontenc 2021/04/29 v2.0v Standard LaTeX package
) (c:/Users/emman/AppData/Roaming/TinyTeX/texmf-dist/tex/latex/base/inputenc.sty
Package: inputenc 2021/02/14 v1.3d Input encoding file
\inpenc@prehook=\toks22
\inpenc@posthook=\toks23
) (c:/Users/emman/AppData/Roaming/TinyTeX/texmf-dist/tex/latex/base/textcomp.sty
Package: textcomp 2020/02/02 v2.0n Standard LaTeX package
) (c:/Users/emman/AppData/Roaming/TinyTeX/texmf-dist/tex/latex/lm/lmodern.sty
Package: lmodern 2015/05/01 v1.6.1 Latin Modern Fonts
LaTeX Font Info:    Overwriting symbol font `operators' in version `normal'
(Font)                  OT1/cmr/m/n --> OT1/lmr/m/n on input line 22.
LaTeX Font Info:    Overwriting symbol font `letters' in version `normal'
(Font)                  OML/cmm/m/it --> OML/lmm/m/it on input line 23.
LaTeX Font Info:    Overwriting symbol font `symbols' in version `normal'
(Font)                  OMS/cmsy/m/n --> OMS/lmsy/m/n on input line 24.
LaTeX Font Info:    Overwriting symbol font `largesymbols' in version `normal'
(Font)                  OMX/cmex/m/n --> OMX/lmex/m/n on input line 25.
LaTeX Font Info:    Overwriting symbol font `operators' in version `bold'
(Font)                  OT1/cmr/bx/n --> OT1/lmr/bx/n on input line 26.
LaTeX Font Info:    Overwriting symbol font `letters' in version `bold'
(Font)                  OML/cmm/b/it --> OML/lmm/b/it on input line 27.
LaTeX Font Info:    Overwriting symbol font `symbols' in version `bold'
(Font)                  OMS/cmsy/b/n --> OMS/lmsy/b/n on input line 28.
LaTeX Font Info:    Overwriting symbol font `largesymbols' in version `bold'
(Font)                  OMX/cmex/m/n --> OMX/lmex/m/n on input line 29.
LaTeX Font Info:    Overwriting math alphabet `\mathbf' in version `normal'
(Font)                  OT1/cmr/bx/n --> OT1/lmr/bx/n on input line 31.
LaTeX Font Info:    Overwriting math alphabet `\mathsf' in version `normal'
(Font)                  OT1/cmss/m/n --> OT1/lmss/m/n on input line 32.
LaTeX Font Info:    Overwriting math alphabet `\mathit' in version `normal'
(Font)                  OT1/cmr/m/it --> OT1/lmr/m/it on input line 33.
LaTeX Font Info:    Overwriting math alphabet `\mathtt' in version `normal'
(Font)                  OT1/cmtt/m/n --> OT1/lmtt/m/n on input line 34.
LaTeX Font Info:    Overwriting math alphabet `\mathbf' in version `bold'
(Font)                  OT1/cmr/bx/n --> OT1/lmr/bx/n on input line 35.
LaTeX Font Info:    Overwriting math alphabet `\mathsf' in version `bold'
(Font)                  OT1/cmss/bx/n --> OT1/lmss/bx/n on input line 36.
LaTeX Font Info:    Overwriting math alphabet `\mathit' in version `bold'
(Font)                  OT1/cmr/bx/it --> OT1/lmr/bx/it on input line 37.
LaTeX Font Info:    Overwriting math alphabet `\mathtt' in version `bold'
(Font)                  OT1/cmtt/m/n --> OT1/lmtt/m/n on input line 38.
) (c:/Users/emman/AppData/Roaming/TinyTeX/texmf-dist/tex/latex/upquote/upquote.sty
Package: upquote 2012/04/19 v1.3 upright-quote and grave-accent glyphs in verbatim
) (c:/Users/emman/AppData/Roaming/TinyTeX/texmf-dist/tex/latex/xcolor/xcolor.sty
Package: xcolor 2023/11/15 v3.01 LaTeX color extensions (UK)
(c:/Users/emman/AppData/Roaming/TinyTeX/texmf-dist/tex/latex/graphics-cfg/color.cfg
File: color.cfg 2016/01/02 v1.6 sample color configuration
)
Package xcolor Info: Driver file: pdftex.def on input line 274.
(c:/Users/emman/AppData/Roaming/TinyTeX/texmf-dist/tex/latex/graphics-def/pdftex.def
File: pdftex.def 2022/09/22 v1.2b Graphics/color driver for pdftex
) (c:/Users/emman/AppData/Roaming/TinyTeX/texmf-dist/tex/latex/graphics/mathcolor.ltx)
Package xcolor Info: Model `cmy' substituted by `cmy0' on input line 1350.
Package xcolor Info: Model `hsb' substituted by `rgb' on input line 1354.
Package xcolor Info: Model `RGB' extended on input line 1366.
Package xcolor Info: Model `HTML' substituted by `rgb' on input line 1368.
Package xcolor Info: Model `Hsb' substituted by `hsb' on input line 1369.
Package xcolor Info: Model `tHsb' substituted by `hsb' on input line 1370.
Package xcolor Info: Model `HSB' substituted by `hsb' on input line 1371.
Package xcolor Info: Model `Gray' substituted by `gray' on input line 1372.
Package xcolor Info: Model `wave' substituted by `hsb' on input line 1373.
) (c:/Users/emman/AppData/Roaming/TinyTeX/texmf-dist/tex/latex/graphics/dvipsnam.def
File: dvipsnam.def 2016/06/17 v3.0m Driver-dependent file (DPC,SPQR)
) (c:/Users/emman/AppData/Roaming/TinyTeX/texmf-dist/tex/latex/xcolor/svgnam.def
File: svgnam.def 2023/11/15 v3.01 Predefined colors according to SVG 1.1 (UK)
) (c:/Users/emman/AppData/Roaming/TinyTeX/texmf-dist/tex/latex/xcolor/x11nam.def
File: x11nam.def 2023/11/15 v3.01 Predefined colors according to Unix/X11 (UK)
) (c:/Users/emman/AppData/Roaming/TinyTeX/texmf-dist/tex/latex/geometry/geometry.sty
Package: geometry 2020/01/02 v5.9 Page Geometry
(c:/Users/emman/AppData/Roaming/TinyTeX/texmf-dist/tex/latex/graphics/keyval.sty
Package: keyval 2022/05/29 v1.15 key=value parser (DPC)
\KV@toks@=\toks24
) (c:/Users/emman/AppData/Roaming/TinyTeX/texmf-dist/tex/generic/iftex/ifvtex.sty
Package: ifvtex 2019/10/25 v1.7 ifvtex legacy package. Use iftex instead.
)
\Gm@cnth=\count273
\Gm@cntv=\count274
\c@Gm@tempcnt=\count275
\Gm@bindingoffset=\dimen150
\Gm@wd@mp=\dimen151
\Gm@odd@mp=\dimen152
\Gm@even@mp=\dimen153
\Gm@layoutwidth=\dimen154
\Gm@layoutheight=\dimen155
\Gm@layouthoffset=\dimen156
\Gm@layoutvoffset=\dimen157
\Gm@dimlist=\toks25
) (c:/Users/emman/AppData/Roaming/TinyTeX/texmf-dist/tex/latex/fancyvrb/fancyvrb.sty
Package: fancyvrb 2023/11/06 4.5b verbatim text (tvz,hv)
\FV@CodeLineNo=\count276
\FV@InFile=\read2
\FV@TabBox=\box53
\c@FancyVerbLine=\count277
\FV@StepNumber=\count278
\FV@OutFile=\write3
) (c:/Users/emman/AppData/Roaming/TinyTeX/texmf-dist/tex/latex/framed/framed.sty
Package: framed 2011/10/22 v 0.96: framed or shaded text with page breaks
\OuterFrameSep=\skip53
\fb@frw=\dimen158
\fb@frh=\dimen159
\FrameRule=\dimen160
\FrameSep=\dimen161
) (c:/Users/emman/AppData/Roaming/TinyTeX/texmf-dist/tex/latex/tools/longtable.sty
Package: longtable 2023-11-01 v4.19 Multi-page Table package (DPC)
\LTleft=\skip54
\LTright=\skip55
\LTpre=\skip56
\LTpost=\skip57
\LTchunksize=\count279
\LTcapwidth=\dimen162
\LT@head=\box54
\LT@firsthead=\box55
\LT@foot=\box56
\LT@lastfoot=\box57
\LT@gbox=\box58
\LT@cols=\count280
\LT@rows=\count281
\c@LT@tables=\count282
\c@LT@chunks=\count283
\LT@p@ftn=\toks26
) (c:/Users/emman/AppData/Roaming/TinyTeX/texmf-dist/tex/latex/booktabs/booktabs.sty
Package: booktabs 2020/01/12 v1.61803398 Publication quality tables
\heavyrulewidth=\dimen163
\lightrulewidth=\dimen164
\cmidrulewidth=\dimen165
\belowrulesep=\dimen166
\belowbottomsep=\dimen167
\aboverulesep=\dimen168
\abovetopsep=\dimen169
\cmidrulesep=\dimen170
\cmidrulekern=\dimen171
\defaultaddspace=\dimen172
\@cmidla=\count284
\@cmidlb=\count285
\@aboverulesep=\dimen173
\@belowrulesep=\dimen174
\@thisruleclass=\count286
\@lastruleclass=\count287
\@thisrulewidth=\dimen175
) (c:/Users/emman/AppData/Roaming/TinyTeX/texmf-dist/tex/latex/tools/array.sty
Package: array 2023/10/16 v2.5g Tabular extension package (FMi)
\col@sep=\dimen176
\ar@mcellbox=\box59
\extrarowheight=\dimen177
\NC@list=\toks27
\extratabsurround=\skip58
\backup@length=\skip59
\ar@cellbox=\box60
) (c:/Users/emman/AppData/Roaming/TinyTeX/texmf-dist/tex/latex/tools/calc.sty
Package: calc 2023/07/08 v4.3 Infix arithmetic (KKT,FJ)
\calc@Acount=\count288
\calc@Bcount=\count289
\calc@Adimen=\dimen178
\calc@Bdimen=\dimen179
\calc@Askip=\skip60
\calc@Bskip=\skip61
LaTeX Info: Redefining \setlength on input line 80.
LaTeX Info: Redefining \addtolength on input line 81.
\calc@Ccount=\count290
\calc@Cskip=\skip62
) (c:/Users/emman/AppData/Roaming/TinyTeX/texmf-dist/tex/latex/etoolbox/etoolbox.sty
Package: etoolbox 2020/10/05 v2.5k e-TeX tools for LaTeX (JAW)
\etb@tempcnta=\count291
) (c:/Users/emman/AppData/Roaming/TinyTeX/texmf-dist/tex/latex/mdwtools/footnote.sty
Package: footnote 1997/01/28 1.13 Save footnotes around boxes
\fn@notes=\box61
\fn@width=\dimen180
) (c:/Users/emman/AppData/Roaming/TinyTeX/texmf-dist/tex/latex/graphics/graphicx.sty
Package: graphicx 2021/09/16 v1.2d Enhanced LaTeX Graphics (DPC,SPQR)
(c:/Users/emman/AppData/Roaming/TinyTeX/texmf-dist/tex/latex/graphics/graphics.sty
Package: graphics 2022/03/10 v1.4e Standard LaTeX Graphics (DPC,SPQR)
(c:/Users/emman/AppData/Roaming/TinyTeX/texmf-dist/tex/latex/graphics/trig.sty
Package: trig 2021/08/11 v1.11 sin cos tan (DPC)
) (c:/Users/emman/AppData/Roaming/TinyTeX/texmf-dist/tex/latex/graphics-cfg/graphics.cfg
File: graphics.cfg 2016/06/04 v1.11 sample graphics configuration
)
Package graphics Info: Driver file: pdftex.def on input line 107.
)
\Gin@req@height=\dimen181
\Gin@req@width=\dimen182
) (c:/Users/emman/AppData/Roaming/TinyTeX/texmf-dist/tex/latex/multirow/multirow.sty
Package: multirow 2021/03/15 v2.8 Span multiple rows of a table
\multirow@colwidth=\skip63
\multirow@cntb=\count292
\multirow@dima=\skip64
\bigstrutjot=\dimen183
) (c:/Users/emman/AppData/Roaming/TinyTeX/texmf-dist/tex/latex/titling/titling.sty
Package: titling 2009/09/04 v2.1d maketitle typesetting
\thanksmarkwidth=\skip65
\thanksmargin=\skip66
\droptitle=\skip67
) (c:/Users/emman/AppData/Roaming/TinyTeX/texmf-dist/tex/latex/caption/caption.sty
Package: caption 2023/08/05 v3.6o Customizing captions (AR)
(c:/Users/emman/AppData/Roaming/TinyTeX/texmf-dist/tex/latex/caption/caption3.sty
Package: caption3 2023/07/31 v2.4d caption3 kernel (AR)
\caption@tempdima=\dimen184
\captionmargin=\dimen185
\caption@leftmargin=\dimen186
\caption@rightmargin=\dimen187
\caption@width=\dimen188
\caption@indent=\dimen189
\caption@parindent=\dimen190
\caption@hangindent=\dimen191
Package caption Info: Standard document class detected.
)
\c@caption@flags=\count293
\c@continuedfloat=\count294
Package caption Info: longtable package is loaded.
(c:/Users/emman/AppData/Roaming/TinyTeX/texmf-dist/tex/latex/caption/ltcaption.sty
Package: ltcaption 2021/01/08 v1.4c longtable captions (AR)
)) (c:/Users/emman/AppData/Roaming/TinyTeX/texmf-dist/tex/latex/fancyhdr/fancyhdr.sty
Package: fancyhdr 2022/11/09 v4.1 Extensive control of page headers and footers
\f@nch@headwidth=\skip68
\f@nch@O@elh=\skip69
\f@nch@O@erh=\skip70
\f@nch@O@olh=\skip71
\f@nch@O@orh=\skip72
\f@nch@O@elf=\skip73
\f@nch@O@erf=\skip74
\f@nch@O@olf=\skip75
\f@nch@O@orf=\skip76
) (c:/Users/emman/AppData/Roaming/TinyTeX/texmf-dist/tex/latex/hyperref/hyperref.sty
Package: hyperref 2023-11-26 v7.01g Hypertext links for LaTeX
(c:/Users/emman/AppData/Roaming/TinyTeX/texmf-dist/tex/generic/infwarerr/infwarerr.sty
Package: infwarerr 2019/12/03 v1.5 Providing info/warning/error messages (HO)
) (c:/Users/emman/AppData/Roaming/TinyTeX/texmf-dist/tex/latex/kvsetkeys/kvsetkeys.sty
Package: kvsetkeys 2022-10-05 v1.19 Key value parser (HO)
) (c:/Users/emman/AppData/Roaming/TinyTeX/texmf-dist/tex/generic/kvdefinekeys/kvdefinekeys.sty
Package: kvdefinekeys 2019-12-19 v1.6 Define keys (HO)
) (c:/Users/emman/AppData/Roaming/TinyTeX/texmf-dist/tex/generic/pdfescape/pdfescape.sty
Package: pdfescape 2019/12/09 v1.15 Implements pdfTeX's escape features (HO)
(c:/Users/emman/AppData/Roaming/TinyTeX/texmf-dist/tex/generic/ltxcmds/ltxcmds.sty
Package: ltxcmds 2023-12-04 v1.26 LaTeX kernel commands for general use (HO)
) (c:/Users/emman/AppData/Roaming/TinyTeX/texmf-dist/tex/generic/pdftexcmds/pdftexcmds.sty
Package: pdftexcmds 2020-06-27 v0.33 Utility functions of pdfTeX for LuaTeX (HO)
Package pdftexcmds Info: \pdf@primitive is available.
Package pdftexcmds Info: \pdf@ifprimitive is available.
Package pdftexcmds Info: \pdfdraftmode found.
)) (c:/Users/emman/AppData/Roaming/TinyTeX/texmf-dist/tex/latex/hycolor/hycolor.sty
Package: hycolor 2020-01-27 v1.10 Color options for hyperref/bookmark (HO)
) (c:/Users/emman/AppData/Roaming/TinyTeX/texmf-dist/tex/latex/letltxmacro/letltxmacro.sty
Package: letltxmacro 2019/12/03 v1.6 Let assignment for LaTeX macros (HO)
) (c:/Users/emman/AppData/Roaming/TinyTeX/texmf-dist/tex/latex/auxhook/auxhook.sty
Package: auxhook 2019-12-17 v1.6 Hooks for auxiliary files (HO)
) (c:/Users/emman/AppData/Roaming/TinyTeX/texmf-dist/tex/latex/hyperref/nameref.sty
Package: nameref 2023-11-26 v2.56 Cross-referencing by name of section
(c:/Users/emman/AppData/Roaming/TinyTeX/texmf-dist/tex/latex/refcount/refcount.sty
Package: refcount 2019/12/15 v3.6 Data extraction from label references (HO)
) (c:/Users/emman/AppData/Roaming/TinyTeX/texmf-dist/tex/generic/gettitlestring/gettitlestring.sty
Package: gettitlestring 2019/12/15 v1.6 Cleanup title references (HO)
(c:/Users/emman/AppData/Roaming/TinyTeX/texmf-dist/tex/latex/kvoptions/kvoptions.sty
Package: kvoptions 2022-06-15 v3.15 Key value format for package options (HO)
))
\c@section@level=\count295
)
\@linkdim=\dimen192
\Hy@linkcounter=\count296
\Hy@pagecounter=\count297
(c:/Users/emman/AppData/Roaming/TinyTeX/texmf-dist/tex/latex/hyperref/pd1enc.def
File: pd1enc.def 2023-11-26 v7.01g Hyperref: PDFDocEncoding definition (HO)
Now handling font encoding PD1 ...
... no UTF-8 mapping file for font encoding PD1
) (c:/Users/emman/AppData/Roaming/TinyTeX/texmf-dist/tex/generic/intcalc/intcalc.sty
Package: intcalc 2019/12/15 v1.3 Expandable calculations with integers (HO)
)
\Hy@SavedSpaceFactor=\count298
(c:/Users/emman/AppData/Roaming/TinyTeX/texmf-dist/tex/latex/hyperref/puenc.def
File: puenc.def 2023-11-26 v7.01g Hyperref: PDF Unicode definition (HO)
Now handling font encoding PU ...
... no UTF-8 mapping file for font encoding PU
)
Package hyperref Info: Option `unicode' set `true' on input line 4064.
Package hyperref Info: Hyper figures OFF on input line 4181.
Package hyperref Info: Link nesting OFF on input line 4186.
Package hyperref Info: Hyper index ON on input line 4189.
Package hyperref Info: Plain pages OFF on input line 4196.
Package hyperref Info: Backreferencing OFF on input line 4201.
Package hyperref Info: Implicit mode ON; LaTeX internals redefined.
Package hyperref Info: Bookmarks ON on input line 4448.
\c@Hy@tempcnt=\count299
(c:/Users/emman/AppData/Roaming/TinyTeX/texmf-dist/tex/latex/url/url.sty
\Urlmuskip=\muskip17
Package: url 2013/09/16  ver 3.4  Verb mode for urls, etc.
)
LaTeX Info: Redefining \url on input line 4786.
\XeTeXLinkMargin=\dimen193
(c:/Users/emman/AppData/Roaming/TinyTeX/texmf-dist/tex/generic/bitset/bitset.sty
Package: bitset 2019/12/09 v1.3 Handle bit-vector datatype (HO)
(c:/Users/emman/AppData/Roaming/TinyTeX/texmf-dist/tex/generic/bigintcalc/bigintcalc.sty
Package: bigintcalc 2019/12/15 v1.5 Expandable calculations on big integers (HO)
))
\Fld@menulength=\count300
\Field@Width=\dimen194
\Fld@charsize=\dimen195
Package hyperref Info: Hyper figures OFF on input line 6065.
Package hyperref Info: Link nesting OFF on input line 6070.
Package hyperref Info: Hyper index ON on input line 6073.
Package hyperref Info: backreferencing OFF on input line 6080.
Package hyperref Info: Link coloring OFF on input line 6085.
Package hyperref Info: Link coloring with OCG OFF on input line 6090.
Package hyperref Info: PDF/A mode OFF on input line 6095.
(c:/Users/emman/AppData/Roaming/TinyTeX/texmf-dist/tex/latex/base/atbegshi-ltx.sty
Package: atbegshi-ltx 2021/01/10 v1.0c Emulation of the original atbegshi
package with kernel methods
)
\Hy@abspage=\count301
\c@Item=\count302
\c@Hfootnote=\count303
)
Package hyperref Info: Driver (autodetected): hpdftex.
(c:/Users/emman/AppData/Roaming/TinyTeX/texmf-dist/tex/latex/hyperref/hpdftex.def
File: hpdftex.def 2023-11-26 v7.01g Hyperref driver for pdfTeX
(c:/Users/emman/AppData/Roaming/TinyTeX/texmf-dist/tex/latex/base/atveryend-ltx.sty
Package: atveryend-ltx 2020/08/19 v1.0a Emulation of the original atveryend package
with kernel methods
)
\Fld@listcount=\count304
\c@bookmark@seq@number=\count305
(c:/Users/emman/AppData/Roaming/TinyTeX/texmf-dist/tex/latex/rerunfilecheck/rerunfilecheck.sty
Package: rerunfilecheck 2022-07-10 v1.10 Rerun checks for auxiliary files (HO)
(c:/Users/emman/AppData/Roaming/TinyTeX/texmf-dist/tex/generic/uniquecounter/uniquecounter.sty
Package: uniquecounter 2019/12/15 v1.4 Provide unlimited unique counter (HO)
)
Package uniquecounter Info: New unique counter `rerunfilecheck' on input line 285.
)
\Hy@SectionHShift=\skip77
)
Package hyperref Info: Option `colorlinks' set `true' on input line 132.
LaTeX Font Info:    Trying to load font information for T1+lmr on input line 145.
(c:/Users/emman/AppData/Roaming/TinyTeX/texmf-dist/tex/latex/lm/t1lmr.fd
File: t1lmr.fd 2015/05/01 v1.6.1 Font defs for Latin Modern
) (c:/Users/emman/AppData/Roaming/TinyTeX/texmf-dist/tex/latex/l3backend/l3backend-pdftex.def
File: l3backend-pdftex.def 2023-11-09 L3 backend support: PDF output (pdfTeX)
\l__color_backend_stack_int=\count306
\l__pdf_internal_box=\box62
) (./full_document.aux)
\openout1 = `full_document.aux'.

LaTeX Font Info:    Checking defaults for OML/cmm/m/it on input line 145.
LaTeX Font Info:    ... okay on input line 145.
LaTeX Font Info:    Checking defaults for OMS/cmsy/m/n on input line 145.
LaTeX Font Info:    ... okay on input line 145.
LaTeX Font Info:    Checking defaults for OT1/cmr/m/n on input line 145.
LaTeX Font Info:    ... okay on input line 145.
LaTeX Font Info:    Checking defaults for T1/cmr/m/n on input line 145.
LaTeX Font Info:    ... okay on input line 145.
LaTeX Font Info:    Checking defaults for TS1/cmr/m/n on input line 145.
LaTeX Font Info:    ... okay on input line 145.
LaTeX Font Info:    Checking defaults for OMX/cmex/m/n on input line 145.
LaTeX Font Info:    ... okay on input line 145.
LaTeX Font Info:    Checking defaults for U/cmr/m/n on input line 145.
LaTeX Font Info:    ... okay on input line 145.
LaTeX Font Info:    Checking defaults for PD1/pdf/m/n on input line 145.
LaTeX Font Info:    ... okay on input line 145.
LaTeX Font Info:    Checking defaults for PU/pdf/m/n on input line 145.
LaTeX Font Info:    ... okay on input line 145.
(c:/Users/emman/AppData/Roaming/TinyTeX/texmf-dist/tex/latex/epstopdf-pkg/epstopdf-base.sty
Package: epstopdf-base 2020-01-24 v2.11 Base part for package epstopdf
Package epstopdf-base Info: Redefining graphics rule for `.eps' on input line 485.
(c:/Users/emman/AppData/Roaming/TinyTeX/texmf-dist/tex/latex/latexconfig/epstopdf-sys.cfg
File: epstopdf-sys.cfg 2010/07/13 v1.3 Configuration of (r)epstopdf for TeX Live
))
*geometry* driver: auto-detecting
*geometry* detected driver: pdftex
*geometry* verbose mode - [ preamble ] result:
* driver: pdftex
* paper: <default>
* layout: <same size as paper>
* layoutoffset:(h,v)=(0.0pt,0.0pt)
* modes: 
* h-part:(L,W,R)=(72.26999pt, 469.75502pt, 72.26999pt)
* v-part:(T,H,B)=(72.26999pt, 650.43001pt, 72.26999pt)
* \paperwidth=614.295pt
* \paperheight=794.96999pt
* \textwidth=469.75502pt
* \textheight=650.43001pt
* \oddsidemargin=0.0pt
* \evensidemargin=0.0pt
* \topmargin=-37.0pt
* \headheight=12.0pt
* \headsep=25.0pt
* \topskip=12.0pt
* \footskip=30.0pt
* \marginparwidth=44.0pt
* \marginparsep=10.0pt
* \columnsep=10.0pt
* \skip\footins=10.8pt plus 4.0pt minus 2.0pt
* \hoffset=0.0pt
* \voffset=0.0pt
* \mag=1000
* \@twocolumnfalse
* \@twosidefalse
* \@mparswitchfalse
* \@reversemarginfalse
* (1in=72.27pt=25.4mm, 1cm=28.453pt)

Package caption Info: Begin \AtBeginDocument code.
Package caption Info: hyperref package is loaded.
Package caption Info: End \AtBeginDocument code.
Package hyperref Info: Link coloring ON on input line 145.
(./full_document.out) (./full_document.out)
\@outlinefile=\write4
\openout4 = `full_document.out'.

<./images/IMG_0102.PNG, id=128, 1112.155pt x 1112.155pt>
File: ./images/IMG_0102.PNG Graphic file (type png)
<use ./images/IMG_0102.PNG>
Package pdftex.def Info: ./images/IMG_0102.PNG  used on input line 147.
(pdftex.def)             Requested size: 289.0856pt x 289.0856pt.
LaTeX Font Info:    Trying to load font information for OT1+lmr on input line 147.
(c:/Users/emman/AppData/Roaming/TinyTeX/texmf-dist/tex/latex/lm/ot1lmr.fd
File: ot1lmr.fd 2015/05/01 v1.6.1 Font defs for Latin Modern
)
LaTeX Font Info:    Trying to load font information for OML+lmm on input line 147.
(c:/Users/emman/AppData/Roaming/TinyTeX/texmf-dist/tex/latex/lm/omllmm.fd
File: omllmm.fd 2015/05/01 v1.6.1 Font defs for Latin Modern
)
LaTeX Font Info:    Trying to load font information for OMS+lmsy on input line 147.
(c:/Users/emman/AppData/Roaming/TinyTeX/texmf-dist/tex/latex/lm/omslmsy.fd
File: omslmsy.fd 2015/05/01 v1.6.1 Font defs for Latin Modern
)
LaTeX Font Info:    Trying to load font information for OMX+lmex on input line 147.
(c:/Users/emman/AppData/Roaming/TinyTeX/texmf-dist/tex/latex/lm/omxlmex.fd
File: omxlmex.fd 2015/05/01 v1.6.1 Font defs for Latin Modern
)
LaTeX Font Info:    External font `lmex10' loaded for size
(Font)              <14.4> on input line 147.
LaTeX Font Info:    External font `lmex10' loaded for size
(Font)              <10> on input line 147.
LaTeX Font Info:    External font `lmex10' loaded for size
(Font)              <7> on input line 147.
LaTeX Font Info:    Trying to load font information for U+msa on input line 147.
(c:/Users/emman/AppData/Roaming/TinyTeX/texmf-dist/tex/latex/amsfonts/umsa.fd
File: umsa.fd 2013/01/14 v3.01 AMS symbols A
)
LaTeX Font Info:    Trying to load font information for U+msb on input line 147.
(c:/Users/emman/AppData/Roaming/TinyTeX/texmf-dist/tex/latex/amsfonts/umsb.fd
File: umsb.fd 2013/01/14 v3.01 AMS symbols B
)
<./images/DU_LogoDesign_Final_Horizontal.png, id=130, 1174.3875pt x 288.1164pt>
File: ./images/DU_LogoDesign_Final_Horizontal.png Graphic file (type png)
<use ./images/DU_LogoDesign_Final_Horizontal.png>
Package pdftex.def Info: ./images/DU_LogoDesign_Final_Horizontal.png  used on input line 155.
(pdftex.def)             Requested size: 49.99593pt x 12.26566pt.

Package fancyhdr Warning: \headheight is too small (14.84544pt): 
(fancyhdr)                Make it at least 16.61569pt, for example:
(fancyhdr)                \setlength{\headheight}{16.61569pt}.
(fancyhdr)                You might also make \topmargin smaller to compensate:
(fancyhdr)                \addtolength{\topmargin}{-1.77025pt}.

[1

{c:/Users/emman/AppData/Roaming/TinyTeX/texmf-var/fonts/map/pdftex/updmap/pdftex.map}{c:/Users/emman/AppData/Roaming/TinyTeX/texmf-dist/fonts/enc/dvips/lm/lm-ec.enc} <./images/DU_LogoDesign_Final_Horizontal.png> <./images/IMG_0102.PNG>] (./full_document.toc
LaTeX Font Info:    External font `lmex10' loaded for size
(Font)              <12> on input line 2.
LaTeX Font Info:    External font `lmex10' loaded for size
(Font)              <8> on input line 2.
LaTeX Font Info:    External font `lmex10' loaded for size
(Font)              <6> on input line 2.
File: ./images/DU_LogoDesign_Final_Horizontal.png Graphic file (type png)
<use ./images/DU_LogoDesign_Final_Horizontal.png>
Package pdftex.def Info: ./images/DU_LogoDesign_Final_Horizontal.png  used on input line 33.
(pdftex.def)             Requested size: 49.99593pt x 12.26566pt.

Package fancyhdr Warning: \headheight is too small (14.84544pt): 
(fancyhdr)                Make it at least 16.61569pt, for example:
(fancyhdr)                \setlength{\headheight}{16.61569pt}.
(fancyhdr)                You might also make \topmargin smaller to compensate:
(fancyhdr)                \addtolength{\topmargin}{-1.77025pt}.

[2])
\tf@toc=\write5
\openout5 = `full_document.toc'.

File: ./images/DU_LogoDesign_Final_Horizontal.png Graphic file (type png)
<use ./images/DU_LogoDesign_Final_Horizontal.png>
Package pdftex.def Info: ./images/DU_LogoDesign_Final_Horizontal.png  used on input line 157.
(pdftex.def)             Requested size: 49.99593pt x 12.26566pt.

Package fancyhdr Warning: \headheight is too small (14.84544pt): 
(fancyhdr)                Make it at least 16.61569pt, for example:
(fancyhdr)                \setlength{\headheight}{16.61569pt}.
(fancyhdr)                You might also make \topmargin smaller to compensate:
(fancyhdr)                \addtolength{\topmargin}{-1.77025pt}.

[3]
<./images/IMG_20231214_100859495.jpg, id=184, 4015.0pt x 3011.25pt>
File: ./images/IMG_20231214_100859495.jpg Graphic file (type jpg)
<use ./images/IMG_20231214_100859495.jpg>
Package pdftex.def Info: ./images/IMG_20231214_100859495.jpg  used on input line 187.
(pdftex.def)             Requested size: 469.71024pt x 352.28267pt.
LaTeX Font Info:    Trying to load font information for TS1+lmr on input line 197.
(c:/Users/emman/AppData/Roaming/TinyTeX/texmf-dist/tex/latex/lm/ts1lmr.fd
File: ts1lmr.fd 2015/05/01 v1.6.1 Font defs for Latin Modern
)
<full_document_files/figure-latex/tempplot-1.pdf, id=186, 469.755pt x 325.215pt>
File: full_document_files/figure-latex/tempplot-1.pdf Graphic file (type pdf)
<use full_document_files/figure-latex/tempplot-1.pdf>
Package pdftex.def Info: full_document_files/figure-latex/tempplot-1.pdf  used on input line 201.
(pdftex.def)             Requested size: 469.75386pt x 325.2142pt.
File: ./images/DU_LogoDesign_Final_Horizontal.png Graphic file (type png)
<use ./images/DU_LogoDesign_Final_Horizontal.png>
Package pdftex.def Info: ./images/DU_LogoDesign_Final_Horizontal.png  used on input line 212.
(pdftex.def)             Requested size: 49.99593pt x 12.26566pt.

Package fancyhdr Warning: \headheight is too small (14.84544pt): 
(fancyhdr)                Make it at least 16.61569pt, for example:
(fancyhdr)                \setlength{\headheight}{16.61569pt}.
(fancyhdr)                You might also make \topmargin smaller to compensate:
(fancyhdr)                \addtolength{\topmargin}{-1.77025pt}.

[4{c:/Users/emman/AppData/Roaming/TinyTeX/texmf-dist/fonts/enc/dvips/lm/lm-ts1.enc} <./images/IMG_20231214_100859495.jpg>]
File: ./images/DU_LogoDesign_Final_Horizontal.png Graphic file (type png)
<use ./images/DU_LogoDesign_Final_Horizontal.png>
Package pdftex.def Info: ./images/DU_LogoDesign_Final_Horizontal.png  used on input line 212.
(pdftex.def)             Requested size: 49.99593pt x 12.26566pt.

Package fancyhdr Warning: \headheight is too small (14.84544pt): 
(fancyhdr)                Make it at least 16.61569pt, for example:
(fancyhdr)                \setlength{\headheight}{16.61569pt}.
(fancyhdr)                You might also make \topmargin smaller to compensate:
(fancyhdr)                \addtolength{\topmargin}{-1.77025pt}.

[5 <./full_document_files/figure-latex/tempplot-1.pdf>]
<./images/earthway_planter.jpg, id=217, 1405.25pt x 1405.25pt>
File: ./images/earthway_planter.jpg Graphic file (type jpg)
<use ./images/earthway_planter.jpg>
Package pdftex.def Info: ./images/earthway_planter.jpg  used on input line 217.
(pdftex.def)             Requested size: 187.8994pt x 187.8994pt.
<./images/PXL_20231114_153026048.jpg, id=218, 3485.02pt x 4641.34pt>
File: ./images/PXL_20231114_153026048.jpg Graphic file (type jpg)
<use ./images/PXL_20231114_153026048.jpg>
Package pdftex.def Info: ./images/PXL_20231114_153026048.jpg  used on input line 217.
(pdftex.def)             Requested size: 187.87453pt x 250.21078pt.
File: ./images/DU_LogoDesign_Final_Horizontal.png Graphic file (type png)
<use ./images/DU_LogoDesign_Final_Horizontal.png>
Package pdftex.def Info: ./images/DU_LogoDesign_Final_Horizontal.png  used on input line 230.
(pdftex.def)             Requested size: 49.99593pt x 12.26566pt.

Package fancyhdr Warning: \headheight is too small (14.84544pt): 
(fancyhdr)                Make it at least 16.61569pt, for example:
(fancyhdr)                \setlength{\headheight}{16.61569pt}.
(fancyhdr)                You might also make \topmargin smaller to compensate:
(fancyhdr)                \addtolength{\topmargin}{-1.77025pt}.

[6 <./images/earthway_planter.jpg> <./images/PXL_20231114_153026048.jpg>]
<./images/white_bucket_lid.png, id=226, 1340.00626pt x 1096.095pt>
File: ./images/white_bucket_lid.png Graphic file (type png)
<use ./images/white_bucket_lid.png>
Package pdftex.def Info: ./images/white_bucket_lid.png  used on input line 238.
(pdftex.def)             Requested size: 230.16988pt x 188.27379pt.
<./images/IMG_20220131_100547817_HDR.jpg, id=227, 1699.34875pt x 1274.7625pt>
File: ./images/IMG_20220131_100547817_HDR.jpg Graphic file (type jpg)
<use ./images/IMG_20220131_100547817_HDR.jpg>
Package pdftex.def Info: ./images/IMG_20220131_100547817_HDR.jpg  used on input line 238.
(pdftex.def)             Requested size: 230.18008pt x 172.66905pt.
<./images/season13_gcp_configuration.png, id=229, 567.62062pt x 405.76593pt>
File: ./images/season13_gcp_configuration.png Graphic file (type png)
<use ./images/season13_gcp_configuration.png>
Package pdftex.def Info: ./images/season13_gcp_configuration.png  used on input line 249.
(pdftex.def)             Requested size: 230.17957pt x 164.54482pt.
<./images/Screenshot 2023-12-18 203707.png, id=230, 703.62875pt x 400.49625pt>
File: ./images/Screenshot 2023-12-18 203707.png Graphic file (type png)
<use ./images/Screenshot 2023-12-18 203707.png>
Package pdftex.def Info: ./images/Screenshot 2023-12-18 203707.png  used on input line 249.
(pdftex.def)             Requested size: 230.17973pt x 131.01529pt.
<./images/Screenshot 2023-12-18 210500.png, id=232, 537.00626pt x 488.32437pt>
File: ./images/Screenshot 2023-12-18 210500.png Graphic file (type png)
<use ./images/Screenshot 2023-12-18 210500.png>
Package pdftex.def Info: ./images/Screenshot 2023-12-18 210500.png  used on input line 271.
(pdftex.def)             Requested size: 187.89764pt x 170.86392pt.
<./images/Screenshot 2023-12-18 223250.png, id=233, 475.02469pt x 417.81094pt>
File: ./images/Screenshot 2023-12-18 223250.png Graphic file (type png)
<use ./images/Screenshot 2023-12-18 223250.png>
Package pdftex.def Info: ./images/Screenshot 2023-12-18 223250.png  used on input line 271.
(pdftex.def)             Requested size: 187.89725pt x 165.2662pt.
File: ./images/DU_LogoDesign_Final_Horizontal.png Graphic file (type png)
<use ./images/DU_LogoDesign_Final_Horizontal.png>
Package pdftex.def Info: ./images/DU_LogoDesign_Final_Horizontal.png  used on input line 280.
(pdftex.def)             Requested size: 49.99593pt x 12.26566pt.

Package fancyhdr Warning: \headheight is too small (14.84544pt): 
(fancyhdr)                Make it at least 16.61569pt, for example:
(fancyhdr)                \setlength{\headheight}{16.61569pt}.
(fancyhdr)                You might also make \topmargin smaller to compensate:
(fancyhdr)                \addtolength{\topmargin}{-1.77025pt}.

[7 <./images/white_bucket_lid.png> <./images/IMG_20220131_100547817_HDR.jpg>]
File: ./images/DU_LogoDesign_Final_Horizontal.png Graphic file (type png)
<use ./images/DU_LogoDesign_Final_Horizontal.png>
Package pdftex.def Info: ./images/DU_LogoDesign_Final_Horizontal.png  used on input line 280.
(pdftex.def)             Requested size: 49.99593pt x 12.26566pt.

Package fancyhdr Warning: \headheight is too small (14.84544pt): 
(fancyhdr)                Make it at least 16.61569pt, for example:
(fancyhdr)                \setlength{\headheight}{16.61569pt}.
(fancyhdr)                You might also make \topmargin smaller to compensate:
(fancyhdr)                \addtolength{\topmargin}{-1.77025pt}.

[8 <./images/season13_gcp_configuration.png> <./images/Screenshot 2023-12-18 203707.png> <./images/Screenshot 2023-12-18 210500.png> <./images/Screenshot 2023-12-18 223250.png>]
<./images/Trimble-R12i.png, id=254, 1003.75pt x 1003.75pt>
File: ./images/Trimble-R12i.png Graphic file (type png)
<use ./images/Trimble-R12i.png>
Package pdftex.def Info: ./images/Trimble-R12i.png  used on input line 289.
(pdftex.def)             Requested size: 230.18375pt x 230.18375pt.
File: ./images/DU_LogoDesign_Final_Horizontal.png Graphic file (type png)
<use ./images/DU_LogoDesign_Final_Horizontal.png>
Package pdftex.def Info: ./images/DU_LogoDesign_Final_Horizontal.png  used on input line 347.
(pdftex.def)             Requested size: 49.99593pt x 12.26566pt.

Package fancyhdr Warning: \headheight is too small (14.84544pt): 
(fancyhdr)                Make it at least 16.61569pt, for example:
(fancyhdr)                \setlength{\headheight}{16.61569pt}.
(fancyhdr)                You might also make \topmargin smaller to compensate:
(fancyhdr)                \addtolength{\topmargin}{-1.77025pt}.

[9 <./images/Trimble-R12i.png>]
File: ./images/DU_LogoDesign_Final_Horizontal.png Graphic file (type png)
<use ./images/DU_LogoDesign_Final_Horizontal.png>
Package pdftex.def Info: ./images/DU_LogoDesign_Final_Horizontal.png  used on input line 465.
(pdftex.def)             Requested size: 49.99593pt x 12.26566pt.

Package fancyhdr Warning: \headheight is too small (14.84544pt): 
(fancyhdr)                Make it at least 16.61569pt, for example:
(fancyhdr)                \setlength{\headheight}{16.61569pt}.
(fancyhdr)                You might also make \topmargin smaller to compensate:
(fancyhdr)                \addtolength{\topmargin}{-1.77025pt}.

[10]
File: ./images/DU_LogoDesign_Final_Horizontal.png Graphic file (type png)
<use ./images/DU_LogoDesign_Final_Horizontal.png>
Package pdftex.def Info: ./images/DU_LogoDesign_Final_Horizontal.png  used on input line 532.
(pdftex.def)             Requested size: 49.99593pt x 12.26566pt.

Package fancyhdr Warning: \headheight is too small (14.84544pt): 
(fancyhdr)                Make it at least 16.61569pt, for example:
(fancyhdr)                \setlength{\headheight}{16.61569pt}.
(fancyhdr)                You might also make \topmargin smaller to compensate:
(fancyhdr)                \addtolength{\topmargin}{-1.77025pt}.

[11]
<./images/Screenshot 2023-12-19 105930.png, id=288, 818.30719pt x 590.205pt>
File: ./images/Screenshot 2023-12-19 105930.png Graphic file (type png)
<use ./images/Screenshot 2023-12-19 105930.png>
Package pdftex.def Info: ./images/Screenshot 2023-12-19 105930.png  used on input line 535.
(pdftex.def)             Requested size: 230.1733pt x 166.01276pt.
<./images/edit_geojson.png, id=291, 2509.375pt x 1708.3825pt>
File: ./images/edit_geojson.png Graphic file (type png)
<use ./images/edit_geojson.png>
Package pdftex.def Info: ./images/edit_geojson.png  used on input line 579.
(pdftex.def)             Requested size: 469.74086pt x 319.79958pt.
File: ./images/DU_LogoDesign_Final_Horizontal.png Graphic file (type png)
<use ./images/DU_LogoDesign_Final_Horizontal.png>
Package pdftex.def Info: ./images/DU_LogoDesign_Final_Horizontal.png  used on input line 591.
(pdftex.def)             Requested size: 49.99593pt x 12.26566pt.

Package fancyhdr Warning: \headheight is too small (14.84544pt): 
(fancyhdr)                Make it at least 16.61569pt, for example:
(fancyhdr)                \setlength{\headheight}{16.61569pt}.
(fancyhdr)                You might also make \topmargin smaller to compensate:
(fancyhdr)                \addtolength{\topmargin}{-1.77025pt}.

[12 <./images/Screenshot 2023-12-19 105930.png>]
File: ./images/DU_LogoDesign_Final_Horizontal.png Graphic file (type png)
<use ./images/DU_LogoDesign_Final_Horizontal.png>
Package pdftex.def Info: ./images/DU_LogoDesign_Final_Horizontal.png  used on input line 591.
(pdftex.def)             Requested size: 49.99593pt x 12.26566pt.

Package fancyhdr Warning: \headheight is too small (14.84544pt): 
(fancyhdr)                Make it at least 16.61569pt, for example:
(fancyhdr)                \setlength{\headheight}{16.61569pt}.
(fancyhdr)                You might also make \topmargin smaller to compensate:
(fancyhdr)                \addtolength{\topmargin}{-1.77025pt}.

[13 <./images/edit_geojson.png>]
Underfull \hbox (badness 2894) in paragraph at lines 659--660
[]\T1/lmr/m/n/12 The sea-son is de-fined by mul-ti-ple keys, in-clud-ing name, start_date, end_date,
 []

File: ./images/DU_LogoDesign_Final_Horizontal.png Graphic file (type png)
<use ./images/DU_LogoDesign_Final_Horizontal.png>
Package pdftex.def Info: ./images/DU_LogoDesign_Final_Horizontal.png  used on input line 675.
(pdftex.def)             Requested size: 49.99593pt x 12.26566pt.

Package fancyhdr Warning: \headheight is too small (14.84544pt): 
(fancyhdr)                Make it at least 16.61569pt, for example:
(fancyhdr)                \setlength{\headheight}{16.61569pt}.
(fancyhdr)                You might also make \topmargin smaller to compensate:
(fancyhdr)                \addtolength{\topmargin}{-1.77025pt}.

[14]
<./images/Screenshot 2023-12-19 202056.png, id=334, 330.73563pt x 440.14438pt>
File: ./images/Screenshot 2023-12-19 202056.png Graphic file (type png)
<use ./images/Screenshot 2023-12-19 202056.png>
Package pdftex.def Info: ./images/Screenshot 2023-12-19 202056.png  used on input line 679.
(pdftex.def)             Requested size: 234.87439pt x 312.57185pt.
LaTeX Font Info:    External font `lmex10' loaded for size
(Font)              <10.95> on input line 683.
<./images/Screenshot 2023-12-19 202934.png, id=336, 1204.5pt x 540.51938pt>
File: ./images/Screenshot 2023-12-19 202934.png Graphic file (type png)
<use ./images/Screenshot 2023-12-19 202934.png>
Package pdftex.def Info: ./images/Screenshot 2023-12-19 202934.png  used on input line 690.
(pdftex.def)             Requested size: 469.75311pt x 210.8017pt.
<./images/Screenshot 2023-12-19 205331.png, id=340, 1424.32124pt x 1025.33063pt>
File: ./images/Screenshot 2023-12-19 205331.png Graphic file (type png)
<use ./images/Screenshot 2023-12-19 205331.png>
Package pdftex.def Info: ./images/Screenshot 2023-12-19 205331.png  used on input line 704.
(pdftex.def)             Requested size: 469.74493pt x 338.15677pt.
File: ./images/DU_LogoDesign_Final_Horizontal.png Graphic file (type png)
<use ./images/DU_LogoDesign_Final_Horizontal.png>
Package pdftex.def Info: ./images/DU_LogoDesign_Final_Horizontal.png  used on input line 720.
(pdftex.def)             Requested size: 49.99593pt x 12.26566pt.

Package fancyhdr Warning: \headheight is too small (14.84544pt): 
(fancyhdr)                Make it at least 16.61569pt, for example:
(fancyhdr)                \setlength{\headheight}{16.61569pt}.
(fancyhdr)                You might also make \topmargin smaller to compensate:
(fancyhdr)                \addtolength{\topmargin}{-1.77025pt}.

[15{c:/Users/emman/AppData/Roaming/TinyTeX/texmf-dist/fonts/enc/dvips/lm/lm-mathit.enc} <./images/Screenshot 2023-12-19 202056.png>]
File: ./images/DU_LogoDesign_Final_Horizontal.png Graphic file (type png)
<use ./images/DU_LogoDesign_Final_Horizontal.png>
Package pdftex.def Info: ./images/DU_LogoDesign_Final_Horizontal.png  used on input line 720.
(pdftex.def)             Requested size: 49.99593pt x 12.26566pt.

Package fancyhdr Warning: \headheight is too small (14.84544pt): 
(fancyhdr)                Make it at least 16.61569pt, for example:
(fancyhdr)                \setlength{\headheight}{16.61569pt}.
(fancyhdr)                You might also make \topmargin smaller to compensate:
(fancyhdr)                \addtolength{\topmargin}{-1.77025pt}.

[16{c:/Users/emman/AppData/Roaming/TinyTeX/texmf-dist/fonts/enc/dvips/lm/lm-rm.enc} <./images/Screenshot 2023-12-19 202934.png> <./images/Screenshot 2023-12-19 205331.png>]
File: ./images/DU_LogoDesign_Final_Horizontal.png Graphic file (type png)
<use ./images/DU_LogoDesign_Final_Horizontal.png>
Package pdftex.def Info: ./images/DU_LogoDesign_Final_Horizontal.png  used on input line 769.
(pdftex.def)             Requested size: 49.99593pt x 12.26566pt.

Package fancyhdr Warning: \headheight is too small (14.84544pt): 
(fancyhdr)                Make it at least 16.61569pt, for example:
(fancyhdr)                \setlength{\headheight}{16.61569pt}.
(fancyhdr)                You might also make \topmargin smaller to compensate:
(fancyhdr)                \addtolength{\topmargin}{-1.77025pt}.

[17]
File: ./images/DU_LogoDesign_Final_Horizontal.png Graphic file (type png)
<use ./images/DU_LogoDesign_Final_Horizontal.png>
Package pdftex.def Info: ./images/DU_LogoDesign_Final_Horizontal.png  used on input line 853.
(pdftex.def)             Requested size: 49.99593pt x 12.26566pt.

Package fancyhdr Warning: \headheight is too small (14.84544pt): 
(fancyhdr)                Make it at least 16.61569pt, for example:
(fancyhdr)                \setlength{\headheight}{16.61569pt}.
(fancyhdr)                You might also make \topmargin smaller to compensate:
(fancyhdr)                \addtolength{\topmargin}{-1.77025pt}.

[18]
<./images/sorghum_data_examples_laura.png, id=374, 638.385pt x 572.1375pt>
File: ./images/sorghum_data_examples_laura.png Graphic file (type png)
<use ./images/sorghum_data_examples_laura.png>
Package pdftex.def Info: ./images/sorghum_data_examples_laura.png  used on input line 880.
(pdftex.def)             Requested size: 234.87398pt x 210.50026pt.
File: ./images/DU_LogoDesign_Final_Horizontal.png Graphic file (type png)
<use ./images/DU_LogoDesign_Final_Horizontal.png>
Package pdftex.def Info: ./images/DU_LogoDesign_Final_Horizontal.png  used on input line 891.
(pdftex.def)             Requested size: 49.99593pt x 12.26566pt.

Package fancyhdr Warning: \headheight is too small (14.84544pt): 
(fancyhdr)                Make it at least 16.61569pt, for example:
(fancyhdr)                \setlength{\headheight}{16.61569pt}.
(fancyhdr)                You might also make \topmargin smaller to compensate:
(fancyhdr)                \addtolength{\topmargin}{-1.77025pt}.

[19 <./images/sorghum_data_examples_laura.png>]
<./images/2d.jpg, id=386, 1422.31375pt x 1308.89pt>
File: ./images/2d.jpg Graphic file (type jpg)
<use ./images/2d.jpg>
Package pdftex.def Info: ./images/2d.jpg  used on input line 894.
(pdftex.def)             Requested size: 469.75565pt x 432.29454pt.
<./images/3d.jpg, id=388, 1422.31375pt x 1845.89626pt>
File: ./images/3d.jpg Graphic file (type jpg)
<use ./images/3d.jpg>
Package pdftex.def Info: ./images/3d.jpg  used on input line 908.
(pdftex.def)             Requested size: 375.80452pt x 487.72371pt.
File: ./images/DU_LogoDesign_Final_Horizontal.png Graphic file (type png)
<use ./images/DU_LogoDesign_Final_Horizontal.png>
Package pdftex.def Info: ./images/DU_LogoDesign_Final_Horizontal.png  used on input line 913.
(pdftex.def)             Requested size: 49.99593pt x 12.26566pt.

Package fancyhdr Warning: \headheight is too small (14.84544pt): 
(fancyhdr)                Make it at least 16.61569pt, for example:
(fancyhdr)                \setlength{\headheight}{16.61569pt}.
(fancyhdr)                You might also make \topmargin smaller to compensate:
(fancyhdr)                \addtolength{\topmargin}{-1.77025pt}.

[20 <./images/2d.jpg>]
<./images/tpg_animation.png, id=396, 2509.375pt x 1425.325pt>
File: ./images/tpg_animation.png Graphic file (type png)
<use ./images/tpg_animation.png>
Package pdftex.def Info: ./images/tpg_animation.png  used on input line 919.
(pdftex.def)             Requested size: 469.74086pt x 266.8128pt.
<./images/season10_pipeline_workflows_combined.png, id=400, 2010.51125pt x 1111.15125pt>
File: ./images/season10_pipeline_workflows_combined.png Graphic file (type png)
<use ./images/season10_pipeline_workflows_combined.png>
Package pdftex.def Info: ./images/season10_pipeline_workflows_combined.png  used on input line 935.
(pdftex.def)             Requested size: 469.73988pt x 259.6116pt.
LaTeX Font Info:    Trying to load font information for T1+lmtt on input line 963.
(c:/Users/emman/AppData/Roaming/TinyTeX/texmf-dist/tex/latex/lm/t1lmtt.fd
File: t1lmtt.fd 2015/05/01 v1.6.1 Font defs for Latin Modern
)
File: ./images/DU_LogoDesign_Final_Horizontal.png Graphic file (type png)
<use ./images/DU_LogoDesign_Final_Horizontal.png>
Package pdftex.def Info: ./images/DU_LogoDesign_Final_Horizontal.png  used on input line 981.
(pdftex.def)             Requested size: 49.99593pt x 12.26566pt.

Package fancyhdr Warning: \headheight is too small (14.84544pt): 
(fancyhdr)                Make it at least 16.61569pt, for example:
(fancyhdr)                \setlength{\headheight}{16.61569pt}.
(fancyhdr)                You might also make \topmargin smaller to compensate:
(fancyhdr)                \addtolength{\topmargin}{-1.77025pt}.

[21]
File: ./images/DU_LogoDesign_Final_Horizontal.png Graphic file (type png)
<use ./images/DU_LogoDesign_Final_Horizontal.png>
Package pdftex.def Info: ./images/DU_LogoDesign_Final_Horizontal.png  used on input line 981.
(pdftex.def)             Requested size: 49.99593pt x 12.26566pt.

Package fancyhdr Warning: \headheight is too small (14.84544pt): 
(fancyhdr)                Make it at least 16.61569pt, for example:
(fancyhdr)                \setlength{\headheight}{16.61569pt}.
(fancyhdr)                You might also make \topmargin smaller to compensate:
(fancyhdr)                \addtolength{\topmargin}{-1.77025pt}.

[22 <./images/3d.jpg>]
File: ./images/DU_LogoDesign_Final_Horizontal.png Graphic file (type png)
<use ./images/DU_LogoDesign_Final_Horizontal.png>
Package pdftex.def Info: ./images/DU_LogoDesign_Final_Horizontal.png  used on input line 981.
(pdftex.def)             Requested size: 49.99593pt x 12.26566pt.

Package fancyhdr Warning: \headheight is too small (14.84544pt): 
(fancyhdr)                Make it at least 16.61569pt, for example:
(fancyhdr)                \setlength{\headheight}{16.61569pt}.
(fancyhdr)                You might also make \topmargin smaller to compensate:
(fancyhdr)                \addtolength{\topmargin}{-1.77025pt}.

[23 <./images/tpg_animation.png> <./images/season10_pipeline_workflows_combined.png>]
LaTeX Font Info:    Font shape `T1/lmtt/bx/n' in size <12> not available
(Font)              Font shape `T1/lmtt/b/n' tried instead on input line 983.
File: ./images/DU_LogoDesign_Final_Horizontal.png Graphic file (type png)
<use ./images/DU_LogoDesign_Final_Horizontal.png>
Package pdftex.def Info: ./images/DU_LogoDesign_Final_Horizontal.png  used on input line 1051.
(pdftex.def)             Requested size: 49.99593pt x 12.26566pt.

Package fancyhdr Warning: \headheight is too small (14.84544pt): 
(fancyhdr)                Make it at least 16.61569pt, for example:
(fancyhdr)                \setlength{\headheight}{16.61569pt}.
(fancyhdr)                You might also make \topmargin smaller to compensate:
(fancyhdr)                \addtolength{\topmargin}{-1.77025pt}.

[24]
Underfull \hbox (badness 2809) in paragraph at lines 1054--1055
[]\T1/lmr/m/n/12 *Note: No-tice that scan-ner3DTop level 1 and 2 pro-cess-ing uses the
 []


Overfull \hbox (37.2374pt too wide) in paragraph at lines 1054--1055
\T1/lmr/m/n/12 shell_scripts/slurm_submission.sh in-stead of shell_scripts/slurm_submission_large.sh.
 []

File: ./images/DU_LogoDesign_Final_Horizontal.png Graphic file (type png)
<use ./images/DU_LogoDesign_Final_Horizontal.png>
Package pdftex.def Info: ./images/DU_LogoDesign_Final_Horizontal.png  used on input line 1057.
(pdftex.def)             Requested size: 49.99593pt x 12.26566pt.

Package fancyhdr Warning: \headheight is too small (14.84544pt): 
(fancyhdr)                Make it at least 16.61569pt, for example:
(fancyhdr)                \setlength{\headheight}{16.61569pt}.
(fancyhdr)                You might also make \topmargin smaller to compensate:
(fancyhdr)                \addtolength{\topmargin}{-1.77025pt}.

[25] (./full_document.aux)
 ***********
LaTeX2e <2023-11-01>
L3 programming layer <2023-12-11>
 ***********
Package rerunfilecheck Info: File `full_document.out' has not changed.
(rerunfilecheck)             Checksum: 122990E8B7F237D844615E16AA30C57E;5725.
 ) 
Here is how much of TeX's memory you used:
 14348 strings out of 476141
 236530 string characters out of 5793674
 1945460 words of memory out of 5000000
 36031 multiletter control sequences out of 15000+600000
 631297 words of font info for 90 fonts, out of 8000000 for 9000
 14 hyphenation exceptions out of 8191
 75i,16n,79p,667b,574s stack positions out of 10000i,1000n,20000p,200000b,200000s
<c:/Users/emman/AppData/Roaming/TinyTeX/texmf-dist/fonts/type1/public/lm/lmbx12.pfb><c:/Users/emman/AppData/Roaming/TinyTeX/texmf-dist/fonts/type1/public/lm/lmbxi10.pfb><c:/Users/emman/AppData/Roaming/TinyTeX/texmf-dist/fonts/type1/public/lm/lmmi10.pfb><c:/Users/emman/AppData/Roaming/TinyTeX/texmf-dist/fonts/type1/public/lm/lmmi8.pfb><c:/Users/emman/AppData/Roaming/TinyTeX/texmf-dist/fonts/type1/public/lm/lmr10.pfb><c:/Users/emman/AppData/Roaming/TinyTeX/texmf-dist/fonts/type1/public/lm/lmr12.pfb><c:/Users/emman/AppData/Roaming/TinyTeX/texmf-dist/fonts/type1/public/lm/lmr17.pfb><c:/Users/emman/AppData/Roaming/TinyTeX/texmf-dist/fonts/type1/public/lm/lmri10.pfb><c:/Users/emman/AppData/Roaming/TinyTeX/texmf-dist/fonts/type1/public/lm/lmri12.pfb><c:/Users/emman/AppData/Roaming/TinyTeX/texmf-dist/fonts/type1/public/lm/lmro12.pfb><c:/Users/emman/AppData/Roaming/TinyTeX/texmf-dist/fonts/type1/public/lm/lmtk10.pfb><c:/Users/emman/AppData/Roaming/TinyTeX/texmf-dist/fonts/type1/public/lm/lmtt12.pfb>
Output written on full_document.pdf (25 pages, 27272605 bytes).
PDF statistics:
 527 PDF objects out of 1000 (max. 8388607)
 430 compressed objects within 5 object streams
 132 named destinations out of 1000 (max. 500000)
 364 words of extra memory for PDF output out of 10000 (max. 10000000)

